
*** Running vivado
    with args -log combination_lock.vds -m64 -product Vivado -mode batch -messageDb vivado.pb -notrace -source combination_lock.tcl


****** Vivado v2018.3 (64-bit)
  **** SW Build 2405991 on Thu Dec  6 23:38:27 MST 2018
  **** IP Build 2404404 on Fri Dec  7 01:43:56 MST 2018
    ** Copyright 1986-2018 Xilinx, Inc. All Rights Reserved.

source combination_lock.tcl -notrace
Command: synth_design -top combination_lock -part xc7z010clg400-1
Starting synth_design
Attempting to get a license for feature 'Synthesis' and/or device 'xc7z010'
INFO: [Common 17-349] Got license for feature 'Synthesis' and/or device 'xc7z010'
INFO: Launching helper process for spawning children vivado processes
INFO: Helper process launched with PID 11112 
WARNING: [Synth 8-2611] redeclaration of ansi port nextState is not allowed [C:/Users/Clayt/repos/ECEN248/Lab 10/Lab 10.srcs/sources_1/new/combination_lock_fsm.v:39]
WARNING: [Synth 8-976] nextState has already been declared [C:/Users/Clayt/repos/ECEN248/Lab 10/Lab 10.srcs/sources_1/new/combination_lock_fsm.v:39]
WARNING: [Synth 8-2654] second declaration of nextState ignored [C:/Users/Clayt/repos/ECEN248/Lab 10/Lab 10.srcs/sources_1/new/combination_lock_fsm.v:39]
INFO: [Synth 8-994] nextState is declared here [C:/Users/Clayt/repos/ECEN248/Lab 10/Lab 10.srcs/sources_1/new/combination_lock_fsm.v:26]
---------------------------------------------------------------------------------
Starting RTL Elaboration : Time (s): cpu = 00:00:02 ; elapsed = 00:00:02 . Memory (MB): peak = 368.379 ; gain = 113.230
---------------------------------------------------------------------------------
INFO: [Synth 8-6157] synthesizing module 'combination_lock' [C:/Users/Clayt/repos/ECEN248/Lab 10/Lab 10.srcs/sources_1/new/combination_lock.v:5]
INFO: [Synth 8-6157] synthesizing module 'synchronizer' [C:/Users/Clayt/repos/ECEN248/Lab 10/Lab 10.srcs/sources_1/new/synchronizer.v:9]
INFO: [Synth 8-6155] done synthesizing module 'synchronizer' (1#1) [C:/Users/Clayt/repos/ECEN248/Lab 10/Lab 10.srcs/sources_1/new/synchronizer.v:9]
INFO: [Synth 8-6157] synthesizing module 'combination_lock_fsm' [C:/Users/Clayt/repos/ECEN248/Lab 10/Lab 10.srcs/sources_1/new/combination_lock_fsm.v:23]
INFO: [Synth 8-6155] done synthesizing module 'combination_lock_fsm' (2#1) [C:/Users/Clayt/repos/ECEN248/Lab 10/Lab 10.srcs/sources_1/new/combination_lock_fsm.v:23]
WARNING: [Synth 8-689] width (3) of port connection 'state' does not match port width (2) of module 'combination_lock_fsm' [C:/Users/Clayt/repos/ECEN248/Lab 10/Lab 10.srcs/sources_1/new/combination_lock.v:27]
WARNING: [Synth 8-350] instance 'U1' of module 'combination_lock_fsm' requires 8 connections, but only 7 given [C:/Users/Clayt/repos/ECEN248/Lab 10/Lab 10.srcs/sources_1/new/combination_lock.v:25]
INFO: [Synth 8-6155] done synthesizing module 'combination_lock' (3#1) [C:/Users/Clayt/repos/ECEN248/Lab 10/Lab 10.srcs/sources_1/new/combination_lock.v:5]
WARNING: [Synth 8-3917] design combination_lock has port JB[2] driven by constant 0
---------------------------------------------------------------------------------
Finished RTL Elaboration : Time (s): cpu = 00:00:03 ; elapsed = 00:00:02 . Memory (MB): peak = 401.352 ; gain = 146.203
---------------------------------------------------------------------------------

Report Check Netlist: 
+------+------------------+-------+---------+-------+------------------+
|      |Item              |Errors |Warnings |Status |Description       |
+------+------------------+-------+---------+-------+------------------+
|1     |multi_driven_nets |      0|        0|Passed |Multi driven nets |
+------+------------------+-------+---------+-------+------------------+
---------------------------------------------------------------------------------
Start Handling Custom Attributes
---------------------------------------------------------------------------------
---------------------------------------------------------------------------------
Finished Handling Custom Attributes : Time (s): cpu = 00:00:03 ; elapsed = 00:00:02 . Memory (MB): peak = 401.352 ; gain = 146.203
---------------------------------------------------------------------------------
---------------------------------------------------------------------------------
Finished RTL Optimization Phase 1 : Time (s): cpu = 00:00:03 ; elapsed = 00:00:02 . Memory (MB): peak = 401.352 ; gain = 146.203
---------------------------------------------------------------------------------
INFO: [Device 21-403] Loading part xc7z010clg400-1
INFO: [Project 1-570] Preparing netlist for logic optimization

Processing XDC Constraints
Initializing timing engine
Parsing XDC File [C:/Users/Clayt/repos/ECEN248/Lab 10/Lab 10.srcs/sources_1/new/combination_lock.xdc]
Finished Parsing XDC File [C:/Users/Clayt/repos/ECEN248/Lab 10/Lab 10.srcs/sources_1/new/combination_lock.xdc]
INFO: [Project 1-236] Implementation specific constraints were found while reading constraint file [C:/Users/Clayt/repos/ECEN248/Lab 10/Lab 10.srcs/sources_1/new/combination_lock.xdc]. These constraints will be ignored for synthesis but will be used in implementation. Impacted constraints are listed in the file [.Xil/combination_lock_propImpl.xdc].
Resolution: To avoid this warning, move constraints listed in [.Xil/combination_lock_propImpl.xdc] to another XDC file and exclude this new file from synthesis with the used_in_synthesis property (File Properties dialog in GUI) and re-run elaboration/synthesis.
Netlist sorting complete. Time (s): cpu = 00:00:00 ; elapsed = 00:00:00 . Memory (MB): peak = 735.266 ; gain = 0.000
Completed Processing XDC Constraints

Netlist sorting complete. Time (s): cpu = 00:00:00 ; elapsed = 00:00:00 . Memory (MB): peak = 735.309 ; gain = 0.000
INFO: [Project 1-111] Unisim Transformation Summary:
No Unisim elements were transformed.

Netlist sorting complete. Time (s): cpu = 00:00:00 ; elapsed = 00:00:00 . Memory (MB): peak = 735.309 ; gain = 0.000
Constraint Validation Runtime : Time (s): cpu = 00:00:00 ; elapsed = 00:00:00.002 . Memory (MB): peak = 735.309 ; gain = 0.000
---------------------------------------------------------------------------------
Finished Constraint Validation : Time (s): cpu = 00:00:09 ; elapsed = 00:00:09 . Memory (MB): peak = 735.309 ; gain = 480.160
---------------------------------------------------------------------------------
---------------------------------------------------------------------------------
Start Loading Part and Timing Information
---------------------------------------------------------------------------------
Loading part: xc7z010clg400-1
---------------------------------------------------------------------------------
Finished Loading Part and Timing Information : Time (s): cpu = 00:00:09 ; elapsed = 00:00:09 . Memory (MB): peak = 735.309 ; gain = 480.160
---------------------------------------------------------------------------------
---------------------------------------------------------------------------------
Start Applying 'set_property' XDC Constraints
---------------------------------------------------------------------------------
---------------------------------------------------------------------------------
Finished applying 'set_property' XDC Constraints : Time (s): cpu = 00:00:09 ; elapsed = 00:00:09 . Memory (MB): peak = 735.309 ; gain = 480.160
---------------------------------------------------------------------------------
WARNING: [Synth 8-327] inferring latch for variable 'nextState_reg' [C:/Users/Clayt/repos/ECEN248/Lab 10/Lab 10.srcs/sources_1/new/combination_lock_fsm.v:47]
WARNING: [Synth 8-327] inferring latch for variable 'Lock_reg' [C:/Users/Clayt/repos/ECEN248/Lab 10/Lab 10.srcs/sources_1/new/combination_lock_fsm.v:48]
---------------------------------------------------------------------------------
Finished RTL Optimization Phase 2 : Time (s): cpu = 00:00:09 ; elapsed = 00:00:09 . Memory (MB): peak = 735.309 ; gain = 480.160
---------------------------------------------------------------------------------

Report RTL Partitions: 
+-+--------------+------------+----------+
| |RTL Partition |Replication |Instances |
+-+--------------+------------+----------+
+-+--------------+------------+----------+
---------------------------------------------------------------------------------
Start RTL Component Statistics 
---------------------------------------------------------------------------------
Detailed RTL Component Info : 
+---Registers : 
	                2 Bit    Registers := 1     
	                1 Bit    Registers := 9     
+---Muxes : 
	   4 Input      4 Bit        Muxes := 1     
	   4 Input      2 Bit        Muxes := 1     
	   2 Input      1 Bit        Muxes := 3     
	   4 Input      1 Bit        Muxes := 1     
---------------------------------------------------------------------------------
Finished RTL Component Statistics 
---------------------------------------------------------------------------------
---------------------------------------------------------------------------------
Start RTL Hierarchical Component Statistics 
---------------------------------------------------------------------------------
Hierarchical RTL Component report 
Module synchronizer 
Detailed RTL Component Info : 
+---Registers : 
	                1 Bit    Registers := 3     
Module combination_lock_fsm 
Detailed RTL Component Info : 
+---Registers : 
	                2 Bit    Registers := 1     
+---Muxes : 
	   4 Input      4 Bit        Muxes := 1     
	   4 Input      2 Bit        Muxes := 1     
	   2 Input      1 Bit        Muxes := 3     
	   4 Input      1 Bit        Muxes := 1     
---------------------------------------------------------------------------------
Finished RTL Hierarchical Component Statistics
---------------------------------------------------------------------------------
---------------------------------------------------------------------------------
Start Part Resource Summary
---------------------------------------------------------------------------------
Part Resources:
DSPs: 80 (col length:40)
BRAMs: 120 (col length: RAMB18 40 RAMB36 20)
---------------------------------------------------------------------------------
Finished Part Resource Summary
---------------------------------------------------------------------------------
---------------------------------------------------------------------------------
Start Cross Boundary and Area Optimization
---------------------------------------------------------------------------------
Warning: Parallel synthesis criteria is not met 
WARNING: [Synth 8-3917] design combination_lock has port JB[2] driven by constant 0
INFO: [Synth 8-3886] merging instance 'U1/Lock_reg[2]' (LD) to 'U1/Lock_reg[3]'
INFO: [Synth 8-3886] merging instance 'U1/nextState_reg[0]' (LD) to 'U1/Lock_reg[0]'
INFO: [Synth 8-3886] merging instance 'U1/nextState_reg[1]' (LD) to 'U1/Lock_reg[1]'
---------------------------------------------------------------------------------
Finished Cross Boundary and Area Optimization : Time (s): cpu = 00:00:09 ; elapsed = 00:00:09 . Memory (MB): peak = 735.309 ; gain = 480.160
---------------------------------------------------------------------------------

Report RTL Partitions: 
+-+--------------+------------+----------+
| |RTL Partition |Replication |Instances |
+-+--------------+------------+----------+
+-+--------------+------------+----------+
---------------------------------------------------------------------------------
Start Applying XDC Timing Constraints
---------------------------------------------------------------------------------
---------------------------------------------------------------------------------
Finished Applying XDC Timing Constraints : Time (s): cpu = 00:00:15 ; elapsed = 00:00:15 . Memory (MB): peak = 740.781 ; gain = 485.633
---------------------------------------------------------------------------------
---------------------------------------------------------------------------------
Start Timing Optimization
---------------------------------------------------------------------------------
---------------------------------------------------------------------------------
Finished Timing Optimization : Time (s): cpu = 00:00:15 ; elapsed = 00:00:15 . Memory (MB): peak = 740.781 ; gain = 485.633
---------------------------------------------------------------------------------

Report RTL Partitions: 
+-+--------------+------------+----------+
| |RTL Partition |Replication |Instances |
+-+--------------+------------+----------+
+-+--------------+------------+----------+
---------------------------------------------------------------------------------
Start Technology Mapping
---------------------------------------------------------------------------------
---------------------------------------------------------------------------------
Finished Technology Mapping : Time (s): cpu = 00:00:15 ; elapsed = 00:00:15 . Memory (MB): peak = 750.855 ; gain = 495.707
---------------------------------------------------------------------------------

Report RTL Partitions: 
+-+--------------+------------+----------+
| |RTL Partition |Replication |Instances |
+-+--------------+------------+----------+
+-+--------------+------------+----------+
---------------------------------------------------------------------------------
Start IO Insertion
---------------------------------------------------------------------------------
---------------------------------------------------------------------------------
Start Flattening Before IO Insertion
---------------------------------------------------------------------------------
---------------------------------------------------------------------------------
Finished Flattening Before IO Insertion
---------------------------------------------------------------------------------
---------------------------------------------------------------------------------
Start Final Netlist Cleanup
---------------------------------------------------------------------------------
---------------------------------------------------------------------------------
Finished Final Netlist Cleanup
---------------------------------------------------------------------------------
---------------------------------------------------------------------------------
Finished IO Insertion : Time (s): cpu = 00:00:16 ; elapsed = 00:00:16 . Memory (MB): peak = 750.855 ; gain = 495.707
---------------------------------------------------------------------------------

Report Check Netlist: 
+------+------------------+-------+---------+-------+------------------+
|      |Item              |Errors |Warnings |Status |Description       |
+------+------------------+-------+---------+-------+------------------+
|1     |multi_driven_nets |      0|        0|Passed |Multi driven nets |
+------+------------------+-------+---------+-------+------------------+
---------------------------------------------------------------------------------
Start Renaming Generated Instances
---------------------------------------------------------------------------------
---------------------------------------------------------------------------------
Finished Renaming Generated Instances : Time (s): cpu = 00:00:16 ; elapsed = 00:00:16 . Memory (MB): peak = 750.855 ; gain = 495.707
---------------------------------------------------------------------------------

Report RTL Partitions: 
+-+--------------+------------+----------+
| |RTL Partition |Replication |Instances |
+-+--------------+------------+----------+
+-+--------------+------------+----------+
---------------------------------------------------------------------------------
Start Rebuilding User Hierarchy
---------------------------------------------------------------------------------
---------------------------------------------------------------------------------
Finished Rebuilding User Hierarchy : Time (s): cpu = 00:00:16 ; elapsed = 00:00:16 . Memory (MB): peak = 750.855 ; gain = 495.707
---------------------------------------------------------------------------------
---------------------------------------------------------------------------------
Start Renaming Generated Ports
---------------------------------------------------------------------------------
---------------------------------------------------------------------------------
Finished Renaming Generated Ports : Time (s): cpu = 00:00:16 ; elapsed = 00:00:16 . Memory (MB): peak = 750.855 ; gain = 495.707
---------------------------------------------------------------------------------
---------------------------------------------------------------------------------
Start Handling Custom Attributes
---------------------------------------------------------------------------------
---------------------------------------------------------------------------------
Finished Handling Custom Attributes : Time (s): cpu = 00:00:16 ; elapsed = 00:00:16 . Memory (MB): peak = 750.855 ; gain = 495.707
---------------------------------------------------------------------------------
---------------------------------------------------------------------------------
Start Renaming Generated Nets
---------------------------------------------------------------------------------
---------------------------------------------------------------------------------
Finished Renaming Generated Nets : Time (s): cpu = 00:00:16 ; elapsed = 00:00:16 . Memory (MB): peak = 750.855 ; gain = 495.707
---------------------------------------------------------------------------------
---------------------------------------------------------------------------------
Start Writing Synthesis Report
---------------------------------------------------------------------------------

Report BlackBoxes: 
+-+--------------+----------+
| |BlackBox name |Instances |
+-+--------------+----------+
+-+--------------+----------+

Report Cell Usage: 
+------+-----+------+
|      |Cell |Count |
+------+-----+------+
|1     |BUFG |     1|
|2     |LUT3 |     2|
|3     |LUT4 |     1|
|4     |LUT5 |     2|
|5     |LUT6 |     1|
|6     |FDRE |    11|
|7     |LD   |     3|
|8     |IBUF |     8|
|9     |OBUF |     7|
+------+-----+------+

Report Instance Areas: 
+------+---------+---------------------+------+
|      |Instance |Module               |Cells |
+------+---------+---------------------+------+
|1     |top      |                     |    36|
|2     |  U1     |combination_lock_fsm |    11|
|3     |  syncA  |synchronizer         |     3|
|4     |  syncB  |synchronizer_0       |     3|
|5     |  syncC  |synchronizer_1       |     3|
+------+---------+---------------------+------+
---------------------------------------------------------------------------------
Finished Writing Synthesis Report : Time (s): cpu = 00:00:16 ; elapsed = 00:00:16 . Memory (MB): peak = 750.855 ; gain = 495.707
---------------------------------------------------------------------------------
Synthesis finished with 0 errors, 0 critical warnings and 3 warnings.
Synthesis Optimization Runtime : Time (s): cpu = 00:00:09 ; elapsed = 00:00:12 . Memory (MB): peak = 750.855 ; gain = 161.750
Synthesis Optimization Complete : Time (s): cpu = 00:00:16 ; elapsed = 00:00:16 . Memory (MB): peak = 750.855 ; gain = 495.707
INFO: [Project 1-571] Translating synthesized netlist
INFO: [Netlist 29-17] Analyzing 3 Unisim elements for replacement
INFO: [Netlist 29-28] Unisim Transformation completed in 0 CPU seconds
INFO: [Project 1-570] Preparing netlist for logic optimization
INFO: [Opt 31-138] Pushed 0 inverter(s) to 0 load pin(s).
Netlist sorting complete. Time (s): cpu = 00:00:00 ; elapsed = 00:00:00 . Memory (MB): peak = 763.793 ; gain = 0.000
INFO: [Project 1-111] Unisim Transformation Summary:
  A total of 3 instances were transformed.
  LD => LDCE: 3 instances

INFO: [Common 17-83] Releasing license: Synthesis
22 Infos, 9 Warnings, 0 Critical Warnings and 0 Errors encountered.
synth_design completed successfully
synth_design: Time (s): cpu = 00:00:16 ; elapsed = 00:00:18 . Memory (MB): peak = 763.793 ; gain = 515.633
Netlist sorting complete. Time (s): cpu = 00:00:00 ; elapsed = 00:00:00 . Memory (MB): peak = 763.793 ; gain = 0.000
WARNING: [Constraints 18-5210] No constraints selected for write.
Resolution: This message can indicate that there are no constraints for the design, or it can indicate that the used_in flags are set such that the constraints are ignored. This later case is used when running synth_design to not write synthesis constraints to the resulting checkpoint. Instead, project constraints are read when the synthesized design is opened.
INFO: [Common 17-1381] The checkpoint 'C:/Users/Clayt/repos/ECEN248/Lab 10/Lab 10.runs/synth_1/combination_lock.dcp' has been generated.
INFO: [runtcl-4] Executing : report_utilization -file combination_lock_utilization_synth.rpt -pb combination_lock_utilization_synth.pb
INFO: [Common 17-206] Exiting Vivado at Sun Nov  8 20:58:22 2020...
